<?xml version="1.0" encoding="UTF-8"?>
<!-- Generated by org.testng.reporters.JUnitReportReporter -->
<testsuite hostname="LAPTOP-87BMGUIK" failures="0" tests="3" name="stepDefinition.RestAssured_Assertion" time="1.953" errors="0" timestamp="2022-02-20T22:44:40 IST" skipped="0">
  <testcase classname="stepDefinition.RestAssured_Assertion" name="passing_values_from_get_method" time="1.709"/>
  <system-out/>
  <testcase classname="stepDefinition.RestAssured_Assertion" name="user_is_on_api" time="0.001"/>
  <system-out/>
  <testcase classname="stepDefinition.RestAssured_Assertion" name="validate_response_received" time="0.243"/>
  <system-out/>
</testsuite> <!-- stepDefinition.RestAssured_Assertion -->
