<?xml version="1.0" encoding="UTF-8"?>
<!-- Generated by org.testng.reporters.JUnitReportReporter -->
<testsuite hostname="LAPTOP-87BMGUIK" failures="0" tests="3" name="stepDefinition.RestAssuredBDDScenariosteps" time="4.691" errors="0" timestamp="2022-02-20T11:59:04 IST" skipped="0">
  <testcase classname="stepDefinition.RestAssuredBDDScenariosteps" name="api_testing" time="1.407"/>
  <system-out/>
  <testcase classname="stepDefinition.RestAssuredBDDScenariosteps" name="retrieve_correct_info" time="3.280"/>
  <system-out/>
  <testcase classname="stepDefinition.RestAssuredBDDScenariosteps" name="validate_positive_response_of_code" time="0.004"/>
  <system-out/>
</testsuite> <!-- stepDefinition.RestAssuredBDDScenariosteps -->
