<?xml version="1.0" encoding="UTF-8"?>
<!-- Generated by org.testng.reporters.JUnitReportReporter -->
<testsuite hostname="LAPTOP-87BMGUIK" failures="0" tests="4" name="stepDefinition.BddSetUp" time="0.013" errors="0" timestamp="2022-02-20T12:07:30 IST" skipped="0">
  <testcase classname="stepDefinition.BddSetUp" name="user_enters_username_and_password" time="0.001"/>
  <system-out/>
  <testcase classname="stepDefinition.BddSetUp" name="user_is_on_login_page" time="0.001"/>
  <system-out/>
  <testcase classname="stepDefinition.BddSetUp" name="clicks_on_login_button" time="0.010"/>
  <system-out/>
  <testcase classname="stepDefinition.BddSetUp" name="user_is_navigated_to_home" time="0.001"/>
  <system-out/>
</testsuite> <!-- stepDefinition.BddSetUp -->
